<?xml version="1.0" encoding="UTF-8"?>
<!-- Generated by org.testng.reporters.JUnitReportReporter -->
<testsuite hostname="DESKTOP-4SJACL6" failures="0" tests="1" name="com.naveenlabs.PageTests.MyAccountPageTest" time="14.168" errors="0" timestamp="2024-10-14T17:25:40 EDT" skipped="0">
  <testcase classname="com.naveenlabs.PageTests.MyAccountPageTest" name="EditAccount" time="14.168"/>
  <system-out/>
</testsuite> <!-- com.naveenlabs.PageTests.MyAccountPageTest -->
