<?xml version="1.0" encoding="UTF-8"?>
<!-- Generated by org.testng.reporters.JUnitReportReporter -->
<testsuite hostname="DESKTOP-4SJACL6" failures="0" tests="4" name="com.naveenlabs.PageTests.AddressBookPageTest" time="32.104" errors="0" timestamp="2024-10-14T17:19:10 EDT" skipped="0">
  <testcase classname="com.naveenlabs.PageTests.AddressBookPageTest" name="ValidateEditAddressBookDelete" time="8.475"/>
  <system-out/>
  <testcase classname="com.naveenlabs.PageTests.AddressBookPageTest" name="ValidateAddressBookNewAddress" time="9.537"/>
  <system-out/>
  <testcase classname="com.naveenlabs.PageTests.AddressBookPageTest" name="ValidateAddedAddressBookDelete" time="7.009"/>
  <system-out/>
  <testcase classname="com.naveenlabs.PageTests.AddressBookPageTest" name="ValidateDefaultAddressBookDelete" time="7.083"/>
  <system-out/>
</testsuite> <!-- com.naveenlabs.PageTests.AddressBookPageTest -->
