<?xml version="1.0" encoding="UTF-8"?>
<!-- Generated by org.testng.reporters.JUnitReportReporter -->
<testsuite hostname="DESKTOP-4SJACL6" failures="0" tests="1" name="com.naveenlabs.PageTests.ForgotYourPasswordPageTest" time="5.409" errors="0" timestamp="2024-10-14T17:19:10 EDT" skipped="0">
  <testcase classname="com.naveenlabs.PageTests.ForgotYourPasswordPageTest" name="ForgotPasswordFunctionalityWithInvalidEmail" time="5.409"/>
  <system-out/>
</testsuite> <!-- com.naveenlabs.PageTests.ForgotYourPasswordPageTest -->
